<?xml version="1.0" encoding="UTF-8"?>
<!-- Generated by org.testng.reporters.JUnitXMLReporter -->
<testsuite ignored="0" hostname="D4J0PT2" failures="0" tests="6" name="Default test" time="0.674" errors="0" timestamp="2022-07-02T11:22:30 IST">
  <testcase classname="com.extent.reports.TestReports" name="Test1" time="0.013"/>
  <testcase classname="com.extent.reports.TestReports" name="Test2" time="0.002"/>
  <testcase classname="com.extent.reports.TestReports" name="Test3" time="0.002"/>
  <testcase classname="com.extent.reports.TestReports" name="Test4" time="0.001"/>
  <testcase classname="com.extent.reports.TestReports" name="Test5" time="0.001"/>
  <testcase classname="com.extent.reports.TestReports" name="Test6" time="0.001"/>
</testsuite> <!-- Default test -->
