<?xml version="1.0" encoding="UTF-8"?>
<testng-results ignored="0" total="6" passed="6" failed="0" skipped="0">
  <reporter-output>
  </reporter-output>
  <suite started-at="2022-07-02T11:22:30 IST" name="Default suite" finished-at="2022-07-02T11:22:30 IST" duration-ms="674">
    <groups>
    </groups>
    <test started-at="2022-07-02T11:22:30 IST" name="Default test" finished-at="2022-07-02T11:22:30 IST" duration-ms="674">
      <class name="com.extent.reports.TestReports">
        <test-method is-config="true" signature="beforeTest()[pri:0, instance:com.extent.reports.TestReports@194bcebf]" started-at="2022-07-02T11:22:30 IST" name="beforeTest" finished-at="2022-07-02T11:22:30 IST" duration-ms="307" status="PASS">
          <reporter-output>
          </reporter-output>
        </test-method> <!-- beforeTest -->
        <test-method signature="Test1()[pri:0, instance:com.extent.reports.TestReports@194bcebf]" started-at="2022-07-02T11:22:30 IST" name="Test1" finished-at="2022-07-02T11:22:30 IST" duration-ms="13" status="PASS">
          <reporter-output>
          </reporter-output>
        </test-method> <!-- Test1 -->
        <test-method signature="Test2()[pri:0, instance:com.extent.reports.TestReports@194bcebf]" started-at="2022-07-02T11:22:30 IST" name="Test2" finished-at="2022-07-02T11:22:30 IST" duration-ms="2" status="PASS">
          <reporter-output>
          </reporter-output>
        </test-method> <!-- Test2 -->
        <test-method signature="Test3()[pri:0, instance:com.extent.reports.TestReports@194bcebf]" started-at="2022-07-02T11:22:30 IST" name="Test3" finished-at="2022-07-02T11:22:30 IST" duration-ms="2" status="PASS">
          <reporter-output>
          </reporter-output>
        </test-method> <!-- Test3 -->
        <test-method signature="Test4()[pri:0, instance:com.extent.reports.TestReports@194bcebf]" started-at="2022-07-02T11:22:30 IST" name="Test4" finished-at="2022-07-02T11:22:30 IST" duration-ms="1" status="PASS">
          <reporter-output>
          </reporter-output>
        </test-method> <!-- Test4 -->
        <test-method signature="Test5()[pri:0, instance:com.extent.reports.TestReports@194bcebf]" started-at="2022-07-02T11:22:30 IST" name="Test5" finished-at="2022-07-02T11:22:30 IST" duration-ms="1" status="PASS">
          <reporter-output>
          </reporter-output>
        </test-method> <!-- Test5 -->
        <test-method signature="Test6()[pri:0, instance:com.extent.reports.TestReports@194bcebf]" started-at="2022-07-02T11:22:30 IST" name="Test6" finished-at="2022-07-02T11:22:30 IST" duration-ms="1" status="PASS">
          <reporter-output>
          </reporter-output>
        </test-method> <!-- Test6 -->
        <test-method is-config="true" signature="afterTest()[pri:0, instance:com.extent.reports.TestReports@194bcebf]" started-at="2022-07-02T11:22:30 IST" name="afterTest" finished-at="2022-07-02T11:22:30 IST" duration-ms="319" status="PASS">
          <reporter-output>
          </reporter-output>
        </test-method> <!-- afterTest -->
      </class> <!-- com.extent.reports.TestReports -->
    </test> <!-- Default test -->
  </suite> <!-- Default suite -->
</testng-results>
